\BOOKMARK [1][-]{section.1}{Introduction}{}% 1
\BOOKMARK [1][-]{section.2}{Background}{}% 2
\BOOKMARK [2][-]{subsection.2.1}{Overview of architecture}{section.2}% 3
\BOOKMARK [2][-]{subsection.2.2}{Personalized live streaming vs. other live streaming}{section.2}% 4
\BOOKMARK [2][-]{subsection.2.3}{Broadcaster streaming protocols}{section.2}% 5
\BOOKMARK [1][-]{section.3}{Measurement and Analysis}{}% 6
\BOOKMARK [2][-]{subsection.3.1}{Motivating Examples}{section.3}% 7
\BOOKMARK [2][-]{subsection.3.2}{Analyzing the Root Cause}{section.3}% 8
\BOOKMARK [1][-]{section.4}{Design Space}{}% 9
\BOOKMARK [2][-]{subsection.4.1}{Design Space Insight}{section.4}% 10
\BOOKMARK [2][-]{subsection.4.2}{Preliminary Evaluation}{section.4}% 11
\BOOKMARK [1][-]{section.5}{Our Solution and Evaluation}{}% 12
\BOOKMARK [2][-]{subsection.5.1}{Best GoP}{section.5}% 13
\BOOKMARK [2][-]{subsection.5.2}{Drop Strategy}{section.5}% 14
\BOOKMARK [3][-]{subsubsection.5.2.1}{Problem Formulation}{subsection.5.2}% 15
\BOOKMARK [3][-]{algorithm.2}{Greedy Algorithm}{subsection.5.2}% 16
\BOOKMARK [2][-]{subsection.5.3}{Adaptive Bitrate}{section.5}% 17
\BOOKMARK [3][-]{section*.19}{Problem Formulation}{subsection.5.3}% 18
\BOOKMARK [3][-]{algorithm.3}{Effective Solution}{subsection.5.3}% 19
\BOOKMARK [1][-]{section.6}{Related Work}{}% 20
\BOOKMARK [1][-]{section.7}{Conclusion and Future Work}{}% 21
\BOOKMARK [1][-]{section*.22}{References}{}% 22
