This is pdfTeX, Version 3.1415926-2.3-1.40.12 (MiKTeX 2.9) (preloaded format=pdflatex 2017.3.30)  13 FEB 2018 23:03
entering extended mode
**paper.tex
(E:\IWQoS\paper.tex
LaTeX2e <2011/06/27>
Babel <v3.8m> and hyphenation patterns for loaded.
(E:\IWQoS\IEEEtran.cls
Document Class: IEEEtran 2015/08/26 V1.8b by Michael Shell
-- See the "IEEEtran_HOWTO" manual for usage information.
-- http://www.michaelshell.org/tex/ieeetran/
\@IEEEtrantmpdimenA=\dimen102
\@IEEEtrantmpdimenB=\dimen103
\@IEEEtrantmpdimenC=\dimen104
\@IEEEtrantmpcountA=\count79
\@IEEEtrantmpcountB=\count80
\@IEEEtrantmpcountC=\count81
\@IEEEtrantmptoksA=\toks14
LaTeX Font Info:    Try loading font information for OT1+ptm on input line 503.

(D:\Latex\CTEX\MiKTeX\tex\latex\psnfss\ot1ptm.fd
File: ot1ptm.fd 2001/06/04 font definitions for OT1/ptm.
)
-- Using 8.5in x 11in (letter) paper.
-- Using PDF output.
\@IEEEnormalsizeunitybaselineskip=\dimen105
-- This is a 10 point document.
\CLASSINFOnormalsizebaselineskip=\dimen106
\CLASSINFOnormalsizeunitybaselineskip=\dimen107
\IEEEnormaljot=\dimen108
LaTeX Font Info:    Font shape `OT1/ptm/bx/n' in size <5> not available
(Font)              Font shape `OT1/ptm/b/n' tried instead on input line 1090.
LaTeX Font Info:    Font shape `OT1/ptm/bx/it' in size <5> not available
(Font)              Font shape `OT1/ptm/b/it' tried instead on input line 1090.

LaTeX Font Info:    Font shape `OT1/ptm/bx/n' in size <7> not available
(Font)              Font shape `OT1/ptm/b/n' tried instead on input line 1090.
LaTeX Font Info:    Font shape `OT1/ptm/bx/it' in size <7> not available
(Font)              Font shape `OT1/ptm/b/it' tried instead on input line 1090.

LaTeX Font Info:    Font shape `OT1/ptm/bx/n' in size <8> not available
(Font)              Font shape `OT1/ptm/b/n' tried instead on input line 1090.
LaTeX Font Info:    Font shape `OT1/ptm/bx/it' in size <8> not available
(Font)              Font shape `OT1/ptm/b/it' tried instead on input line 1090.

LaTeX Font Info:    Font shape `OT1/ptm/bx/n' in size <9> not available
(Font)              Font shape `OT1/ptm/b/n' tried instead on input line 1090.
LaTeX Font Info:    Font shape `OT1/ptm/bx/it' in size <9> not available
(Font)              Font shape `OT1/ptm/b/it' tried instead on input line 1090.

LaTeX Font Info:    Font shape `OT1/ptm/bx/n' in size <10> not available
(Font)              Font shape `OT1/ptm/b/n' tried instead on input line 1090.
LaTeX Font Info:    Font shape `OT1/ptm/bx/it' in size <10> not available
(Font)              Font shape `OT1/ptm/b/it' tried instead on input line 1090.

LaTeX Font Info:    Font shape `OT1/ptm/bx/n' in size <11> not available
(Font)              Font shape `OT1/ptm/b/n' tried instead on input line 1090.
LaTeX Font Info:    Font shape `OT1/ptm/bx/it' in size <11> not available
(Font)              Font shape `OT1/ptm/b/it' tried instead on input line 1090.

LaTeX Font Info:    Font shape `OT1/ptm/bx/n' in size <12> not available
(Font)              Font shape `OT1/ptm/b/n' tried instead on input line 1090.
LaTeX Font Info:    Font shape `OT1/ptm/bx/it' in size <12> not available
(Font)              Font shape `OT1/ptm/b/it' tried instead on input line 1090.

LaTeX Font Info:    Font shape `OT1/ptm/bx/n' in size <17> not available
(Font)              Font shape `OT1/ptm/b/n' tried instead on input line 1090.
LaTeX Font Info:    Font shape `OT1/ptm/bx/it' in size <17> not available
(Font)              Font shape `OT1/ptm/b/it' tried instead on input line 1090.

LaTeX Font Info:    Font shape `OT1/ptm/bx/n' in size <20> not available
(Font)              Font shape `OT1/ptm/b/n' tried instead on input line 1090.
LaTeX Font Info:    Font shape `OT1/ptm/bx/it' in size <20> not available
(Font)              Font shape `OT1/ptm/b/it' tried instead on input line 1090.

LaTeX Font Info:    Font shape `OT1/ptm/bx/n' in size <24> not available
(Font)              Font shape `OT1/ptm/b/n' tried instead on input line 1090.
LaTeX Font Info:    Font shape `OT1/ptm/bx/it' in size <24> not available
(Font)              Font shape `OT1/ptm/b/it' tried instead on input line 1090.

\IEEEquantizedlength=\dimen109
\IEEEquantizedlengthdiff=\dimen110
\IEEEquantizedtextheightdiff=\dimen111
\IEEEilabelindentA=\dimen112
\IEEEilabelindentB=\dimen113
\IEEEilabelindent=\dimen114
\IEEEelabelindent=\dimen115
\IEEEdlabelindent=\dimen116
\IEEElabelindent=\dimen117
\IEEEiednormlabelsep=\dimen118
\IEEEiedmathlabelsep=\dimen119
\IEEEiedtopsep=\skip41
\c@section=\count82
\c@subsection=\count83
\c@subsubsection=\count84
\c@paragraph=\count85
\c@IEEEsubequation=\count86
\abovecaptionskip=\skip42
\belowcaptionskip=\skip43
\c@figure=\count87
\c@table=\count88
\@IEEEeqnnumcols=\count89
\@IEEEeqncolcnt=\count90
\@IEEEsubeqnnumrollback=\count91
\@IEEEquantizeheightA=\dimen120
\@IEEEquantizeheightB=\dimen121
\@IEEEquantizeheightC=\dimen122
\@IEEEquantizeprevdepth=\dimen123
\@IEEEquantizemultiple=\count92
\@IEEEquantizeboxA=\box26
\@IEEEtmpitemindent=\dimen124
\IEEEPARstartletwidth=\dimen125
\c@IEEEbiography=\count93
\@IEEEtranrubishbin=\box27
)
** ATTENTION: Overriding command lockouts (line 2).
(D:\Latex\CTEX\MiKTeX\tex\latex\caption\caption.sty
Package: caption 2011/11/10 v3.2e Customizing captions (AR)

(D:\Latex\CTEX\MiKTeX\tex\latex\caption\caption3.sty
Package: caption3 2011/11/01 v1.4a caption3 kernel (AR)

(D:\Latex\CTEX\MiKTeX\tex\latex\graphics\keyval.sty
Package: keyval 1999/03/16 v1.13 key=value parser (DPC)
\KV@toks@=\toks15
)
\captionmargin=\dimen126
\captionmargin@=\dimen127
\captionwidth=\dimen128
\caption@indent=\dimen129
\caption@parindent=\dimen130
\caption@hangindent=\dimen131
Package caption Info: Unknown document class (or package),
(caption)             standard defaults will be used.
)

Package caption Warning: Unsupported document class (or package) detected,
(caption)                usage of the caption package is not recommended.
See the caption package documentation for explanation.

Package caption Info: \@makecaption = \long macro:#1#2->\ifx \@captype \@IEEEta
blestring \footnotesize \bgroup \par \centering \@IEEEtabletopskipstrut {\norma
lfont \footnotesize #1}\\{\normalfont \footnotesize \scshape #2}\par \addvspace
 {0.5\baselineskip }\egroup \@IEEEtablecaptionsepspace \else \@IEEEfigurecaptio
nsepspace \setbox \@tempboxa \hbox {\normalfont \footnotesize {#1.}\nobreakspac
e \nobreakspace #2}\ifdim \wd \@tempboxa >\hsize \setbox \@tempboxa \hbox {\nor
malfont \footnotesize {#1.}\nobreakspace \nobreakspace }\parbox [t]{\hsize }{\n
ormalfont \footnotesize \noindent \unhbox \@tempboxa #2}\else \ifCLASSOPTIONcon
ference \hbox to\hsize {\normalfont \footnotesize \hfil \box \@tempboxa \hfil }
\else \hbox to\hsize {\normalfont \footnotesize \box \@tempboxa \hfil }\fi \fi 
\fi .
\c@ContinuedFloat=\count94
) (D:\Latex\CTEX\MiKTeX\tex\latex\caption\subcaption.sty
Package: subcaption 2011/10/30 v1.1c Sub-captions (AR)
\c@subfigure=\count95
\c@subtable=\count96
)
(D:\Latex\CTEX\MiKTeX\tex\latex\graphics\color.sty
Package: color 2005/11/14 v1.0j Standard LaTeX Color (DPC)

(D:\Latex\CTEX\MiKTeX\tex\latex\00miktex\color.cfg
File: color.cfg 2007/01/18 v1.5 color configuration of teTeX/TeXLive
)
Package color Info: Driver file: pdftex.def on input line 130.

(D:\Latex\CTEX\MiKTeX\tex\latex\pdftex-def\pdftex.def
File: pdftex.def 2011/05/27 v0.06d Graphics/color for pdfTeX

(D:\Latex\CTEX\MiKTeX\tex\generic\oberdiek\infwarerr.sty
Package: infwarerr 2010/04/08 v1.3 Providing info/warning/message (HO)
)
(D:\Latex\CTEX\MiKTeX\tex\generic\oberdiek\ltxcmds.sty
Package: ltxcmds 2011/04/18 v1.20 LaTeX kernel commands for general use (HO)
)
\Gread@gobject=\count97
))
(D:\Latex\CTEX\MiKTeX\tex\latex\tools\xspace.sty
Package: xspace 2009/10/20 v1.13 Space after command names (DPC,MH)
)
(D:\Latex\CTEX\MiKTeX\tex\latex\hyperref\hyperref.sty
Package: hyperref 2012/02/06 v6.82o Hypertext links for LaTeX

(D:\Latex\CTEX\MiKTeX\tex\generic\oberdiek\hobsub-hyperref.sty
Package: hobsub-hyperref 2011/04/23 v1.4 Bundle oberdiek, subset hyperref (HO)

(D:\Latex\CTEX\MiKTeX\tex\generic\oberdiek\hobsub-generic.sty
Package: hobsub-generic 2011/04/23 v1.4 Bundle oberdiek, subset generic (HO)
Package: hobsub 2011/04/23 v1.4 Subsetting bundle oberdiek (HO)
Package hobsub Info: Skipping package `infwarerr' (already loaded).
Package hobsub Info: Skipping package `ltxcmds' (already loaded).
Package: ifluatex 2010/03/01 v1.3 Provides the ifluatex switch (HO)
Package ifluatex Info: LuaTeX not detected.
Package: ifvtex 2010/03/01 v1.5 Switches for detecting VTeX and its modes (HO)
Package ifvtex Info: VTeX not detected.
Package: intcalc 2007/09/27 v1.1 Expandable integer calculations (HO)
Package: ifpdf 2011/01/30 v2.3 Provides the ifpdf switch (HO)
Package ifpdf Info: pdfTeX in PDF mode is detected.
Package: etexcmds 2011/02/16 v1.5 Prefix for e-TeX command names (HO)
Package etexcmds Info: Could not find \expanded.
(etexcmds)             That can mean that you are not using pdfTeX 1.50 or
(etexcmds)             that some package has redefined \expanded.
(etexcmds)             In the latter case, load this package earlier.
Package: kvsetkeys 2011/04/07 v1.13 Key value parser (HO)
Package: kvdefinekeys 2011/04/07 v1.3 Defining keys (HO)
Package: pdftexcmds 2011/04/22 v0.16 Utilities of pdfTeX for LuaTeX (HO)
Package pdftexcmds Info: LuaTeX not detected.
Package pdftexcmds Info: \pdf@primitive is available.
Package pdftexcmds Info: \pdf@ifprimitive is available.
Package pdftexcmds Info: \pdfdraftmode found.
Package: pdfescape 2011/04/04 v1.12 Provides string conversions (HO)
Package: bigintcalc 2011/01/30 v1.2 Expandable big integer calculations (HO)
Package: bitset 2011/01/30 v1.1 Data type bit set (HO)
Package: uniquecounter 2011/01/30 v1.2 Provides unlimited unique counter (HO)
)
Package hobsub Info: Skipping package `hobsub' (already loaded).
Package: letltxmacro 2010/09/02 v1.4 Let assignment for LaTeX macros (HO)
Package: hopatch 2011/01/30 v1.0 Wrapper for package hooks (HO)
Package: xcolor-patch 2011/01/30 xcolor patch
Package: atveryend 2011/04/23 v1.7 Hooks at very end of document (HO)
Package: atbegshi 2011/01/30 v1.15 At begin shipout hook (HO)
Package: refcount 2010/12/01 v3.2 Data extraction from references (HO)
Package: hycolor 2011/01/30 v1.7 Color options of hyperref/bookmark (HO)
)
(D:\Latex\CTEX\MiKTeX\tex\generic\ifxetex\ifxetex.sty
Package: ifxetex 2010/09/12 v0.6 Provides ifxetex conditional
)
(D:\Latex\CTEX\MiKTeX\tex\latex\oberdiek\kvoptions.sty
Package: kvoptions 2010/12/23 v3.10 Keyval support for LaTeX options (HO)
)
\@linkdim=\dimen132
\Hy@linkcounter=\count98
\Hy@pagecounter=\count99

(D:\Latex\CTEX\MiKTeX\tex\latex\hyperref\pd1enc.def
File: pd1enc.def 2012/02/06 v6.82o Hyperref: PDFDocEncoding definition (HO)
)
\Hy@SavedSpaceFactor=\count100

(D:\Latex\CTEX\MiKTeX\tex\latex\00miktex\hyperref.cfg
File: hyperref.cfg 2002/06/06 v1.2 hyperref configuration of TeXLive
)
Package hyperref Info: Option `breaklinks' set `true' on input line 3925.
Package hyperref Info: Option `colorlinks' set `true' on input line 3925.
Package hyperref Info: Option `plainpages' set `false' on input line 3925.
Package hyperref Info: Hyper figures OFF on input line 4046.
Package hyperref Info: Link nesting OFF on input line 4051.
Package hyperref Info: Hyper index ON on input line 4054.
Package hyperref Info: Plain pages OFF on input line 4061.
Package hyperref Info: Backreferencing OFF on input line 4066.
Package hyperref Info: Implicit mode ON; LaTeX internals redefined.
Package hyperref Info: Bookmarks ON on input line 4284.
\c@Hy@tempcnt=\count101

(D:\Latex\CTEX\MiKTeX\tex\latex\ltxmisc\url.sty
\Urlmuskip=\muskip10
Package: url 2006/04/12  ver 3.3  Verb mode for urls, etc.
)
LaTeX Info: Redefining \url on input line 4637.
\Fld@menulength=\count102
\Field@Width=\dimen133
\Fld@charsize=\dimen134
Package hyperref Info: Hyper figures OFF on input line 5757.
Package hyperref Info: Link nesting OFF on input line 5762.
Package hyperref Info: Hyper index ON on input line 5765.
Package hyperref Info: backreferencing OFF on input line 5772.
Package hyperref Info: Link coloring ON on input line 5775.
Package hyperref Info: Link coloring with OCG OFF on input line 5782.
Package hyperref Info: PDF/A mode OFF on input line 5787.
LaTeX Info: Redefining \ref on input line 5827.
LaTeX Info: Redefining \pageref on input line 5831.
\Hy@abspage=\count103
\c@Item=\count104
\c@Hfootnote=\count105
)

Package hyperref Message: Driver (autodetected): hpdftex.

(D:\Latex\CTEX\MiKTeX\tex\latex\hyperref\hpdftex.def
File: hpdftex.def 2012/02/06 v6.82o Hyperref driver for pdfTeX
\Fld@listcount=\count106
\c@bookmark@seq@number=\count107

(D:\Latex\CTEX\MiKTeX\tex\latex\oberdiek\rerunfilecheck.sty
Package: rerunfilecheck 2011/04/15 v1.7 Rerun checks for auxiliary files (HO)
Package uniquecounter Info: New unique counter `rerunfilecheck' on input line 2
82.
)
\Hy@SectionHShift=\skip44
)
(D:\Latex\CTEX\MiKTeX\tex\latex\algorithms\algorithm.sty
Package: algorithm 2009/08/24 v0.1 Document Style `algorithm' - floating enviro
nment

(D:\Latex\CTEX\MiKTeX\tex\latex\float\float.sty
Package: float 2001/11/08 v1.3d Float enhancements (AL)
\c@float@type=\count108
\float@exts=\toks16
\float@box=\box28
\@float@everytoks=\toks17
\@floatcapt=\box29
)
(D:\Latex\CTEX\MiKTeX\tex\latex\base\ifthen.sty
Package: ifthen 2001/05/26 v1.1c Standard LaTeX ifthen package (DPC)
)
\@float@every@algorithm=\toks18
\c@algorithm=\count109
)
(D:\Latex\CTEX\MiKTeX\tex\latex\algorithmicx\algorithmicx.sty
Package: algorithmicx 2005/04/27 v1.2 Algorithmicx

Document Style algorithmicx 1.2 - a greatly improved `algorithmic' style
\c@ALG@line=\count110
\c@ALG@rem=\count111
\c@ALG@nested=\count112
\ALG@tlm=\skip45
\ALG@thistlm=\skip46
\c@ALG@Lnr=\count113
\c@ALG@blocknr=\count114
\c@ALG@storecount=\count115
\c@ALG@tmpcounter=\count116
\ALG@tmplength=\skip47
) (D:\Latex\CTEX\MiKTeX\tex\latex\algorithmicx\algpseudocode.sty
Package: algpseudocode 

Document Style - pseudocode environments for use with the `algorithmicx' style
) (D:\Latex\CTEX\MiKTeX\tex\latex\graphics\graphicx.sty
Package: graphicx 1999/02/16 v1.0f Enhanced LaTeX Graphics (DPC,SPQR)

(D:\Latex\CTEX\MiKTeX\tex\latex\graphics\graphics.sty
Package: graphics 2009/02/05 v1.0o Standard LaTeX Graphics (DPC,SPQR)

(D:\Latex\CTEX\MiKTeX\tex\latex\graphics\trig.sty
Package: trig 1999/03/16 v1.09 sin cos tan (DPC)
)
(D:\Latex\CTEX\MiKTeX\tex\latex\00miktex\graphics.cfg
File: graphics.cfg 2007/01/18 v1.5 graphics configuration of teTeX/TeXLive
)
Package graphics Info: Driver file: pdftex.def on input line 91.
)
\Gin@req@height=\dimen135
\Gin@req@width=\dimen136
)
(D:\Latex\CTEX\MiKTeX\tex\latex\ams\math\amsmath.sty
Package: amsmath 2000/07/18 v2.13 AMS math features
\@mathmargin=\skip48

For additional information on amsmath, use the `?' option.
(D:\Latex\CTEX\MiKTeX\tex\latex\ams\math\amstext.sty
Package: amstext 2000/06/29 v2.01

(D:\Latex\CTEX\MiKTeX\tex\latex\ams\math\amsgen.sty
File: amsgen.sty 1999/11/30 v2.0
\@emptytoks=\toks19
\ex@=\dimen137
))
(D:\Latex\CTEX\MiKTeX\tex\latex\ams\math\amsbsy.sty
Package: amsbsy 1999/11/29 v1.2d
\pmbraise@=\dimen138
)
(D:\Latex\CTEX\MiKTeX\tex\latex\ams\math\amsopn.sty
Package: amsopn 1999/12/14 v2.01 operator names
)
\inf@bad=\count117
LaTeX Info: Redefining \frac on input line 211.
\uproot@=\count118
\leftroot@=\count119
LaTeX Info: Redefining \overline on input line 307.
\classnum@=\count120
\DOTSCASE@=\count121
LaTeX Info: Redefining \ldots on input line 379.
LaTeX Info: Redefining \dots on input line 382.
LaTeX Info: Redefining \cdots on input line 467.
\Mathstrutbox@=\box30
\strutbox@=\box31
\big@size=\dimen139
LaTeX Font Info:    Redeclaring font encoding OML on input line 567.
LaTeX Font Info:    Redeclaring font encoding OMS on input line 568.
\macc@depth=\count122
\c@MaxMatrixCols=\count123
\dotsspace@=\muskip11
\c@parentequation=\count124
\dspbrk@lvl=\count125
\tag@help=\toks20
\row@=\count126
\column@=\count127
\maxfields@=\count128
\andhelp@=\toks21
\eqnshift@=\dimen140
\alignsep@=\dimen141
\tagshift@=\dimen142
\tagwidth@=\dimen143
\totwidth@=\dimen144
\lineht@=\dimen145
\@envbody=\toks22
\multlinegap=\skip49
\multlinetaggap=\skip50
\mathdisplay@stack=\toks23
LaTeX Info: Redefining \[ on input line 2666.
LaTeX Info: Redefining \] on input line 2667.
)
\c@packednmbr=\count129
 (E:\IWQoS\paper.aux)
LaTeX Font Info:    Checking defaults for OML/cmm/m/it on input line 68.
LaTeX Font Info:    ... okay on input line 68.
LaTeX Font Info:    Checking defaults for T1/cmr/m/n on input line 68.
LaTeX Font Info:    ... okay on input line 68.
LaTeX Font Info:    Checking defaults for OT1/cmr/m/n on input line 68.
LaTeX Font Info:    ... okay on input line 68.
LaTeX Font Info:    Checking defaults for OMS/cmsy/m/n on input line 68.
LaTeX Font Info:    ... okay on input line 68.
LaTeX Font Info:    Checking defaults for OMX/cmex/m/n on input line 68.
LaTeX Font Info:    ... okay on input line 68.
LaTeX Font Info:    Checking defaults for U/cmr/m/n on input line 68.
LaTeX Font Info:    ... okay on input line 68.
LaTeX Font Info:    Checking defaults for PD1/pdf/m/n on input line 68.
LaTeX Font Info:    ... okay on input line 68.

-- Lines per column: 55 (approximate, difference = 8.4975pt).
Package caption Info: Begin \AtBeginDocument code.
Package caption Info: float package is loaded.
Package caption Info: hyperref package is loaded.
Package caption Info: End \AtBeginDocument code.
(D:\Latex\CTEX\MiKTeX\tex\context\base\supp-pdf.mkii
[Loading MPS to PDF converter (version 2006.09.02).]
\scratchcounter=\count130
\scratchdimen=\dimen146
\scratchbox=\box32
\nofMPsegments=\count131
\nofMParguments=\count132
\everyMPshowfont=\toks24
\MPscratchCnt=\count133
\MPscratchDim=\dimen147
\MPnumerator=\count134
\makeMPintoPDFobject=\count135
\everyMPtoPDFconversion=\toks25
)
\AtBeginShipoutBox=\box33
Package hyperref Info: Link coloring ON on input line 68.
 (D:\Latex\CTEX\MiKTeX\tex\latex\hyperref\nameref.sty
Package: nameref 2010/04/30 v2.40 Cross-referencing by name of section

(D:\Latex\CTEX\MiKTeX\tex\generic\oberdiek\gettitlestring.sty
Package: gettitlestring 2010/12/03 v1.4 Cleanup title references (HO)
)
\c@section@level=\count136
)
LaTeX Info: Redefining \ref on input line 68.
LaTeX Info: Redefining \pageref on input line 68.
LaTeX Info: Redefining \nameref on input line 68.

(E:\IWQoS\paper.out) (E:\IWQoS\paper.out)
\@outlinefile=\write3
 (E:\IWQoS\1_introduction.tex

LaTeX Warning: Citation `some paper to show this' on page 1 undefined on input 
line 71.

[1{D:/Latex/CTEX/UserData/pdftex/config/pdftex.map{Unicode.sfd}{UGBK.sfd}}


])
(E:\IWQoS\2_background.tex

pdfTeX warning: pdflatex.exe (file E:/IWQoS/fig/architecture.pdf): PDF inclusio
n: found PDF version <1.6>, but at most version <1.5> allowed
<fig/architecture.pdf, id=125, 680.98918pt x 389.5911pt>
File: fig/architecture.pdf Graphic file (type pdf)

<use fig/architecture.pdf>
Package pdftex.def Info: fig/architecture.pdf used on input line 4.
(pdftex.def)             Requested size: 222.24898pt x 127.14467pt.


LaTeX Warning: Citation `dash' on page 2 undefined on input line 26.


LaTeX Warning: Citation `dash' on page 2 undefined on input line 125.

) (E:\IWQoS\3_measurement.tex (E:\IWQoS\fig/setup.tex
<fig/setup.pdf, id=132, 768.28339pt x 280.87347pt>
File: fig/setup.pdf Graphic file (type pdf)
 <use fig/setup.pdf>
Package pdftex.def Info: fig/setup.pdf used on input line 3.
(pdftex.def)             Requested size: 246.94499pt x 90.27563pt.
)

LaTeX Warning: Citation `tc' on page 2 undefined on input line 5.

[2 <E:/IWQoS/fig/architecture.pdf>] (E:\IWQoS\fig/case_study.tex
<fig/case_study_bandwidth.pdf, id=157, 462.52798pt x 346.89601pt>
File: fig/case_study_bandwidth.pdf Graphic file (type pdf)

<use fig/case_study_bandwidth.pdf>
Package pdftex.def Info: fig/case_study_bandwidth.pdf used on input line 3.
(pdftex.def)             Requested size: 197.55673pt x 148.16725pt.

<fig/case_study_throughput_a.pdf, id=158, 462.52798pt x 346.89601pt>
File: fig/case_study_throughput_a.pdf Graphic file (type pdf)

<use fig/case_study_throughput_a.pdf>
Package pdftex.def Info: fig/case_study_throughput_a.pdf used on input line 12.

(pdftex.def)             Requested size: 111.12448pt x 83.34143pt.

<fig/case_study_throughput_b.pdf, id=159, 462.52798pt x 346.89601pt>
File: fig/case_study_throughput_b.pdf Graphic file (type pdf)

<use fig/case_study_throughput_b.pdf>
Package pdftex.def Info: fig/case_study_throughput_b.pdf used on input line 18.

(pdftex.def)             Requested size: 111.12448pt x 83.34143pt.
)

LaTeX Warning: Citation `fcc' on page 3 undefined on input line 8.

(E:\IWQoS\fig/trace.tex <fig/trace.pdf, id=164, 462.52798pt x 346.89601pt>
File: fig/trace.pdf Graphic file (type pdf)

<use fig/trace.pdf>
Package pdftex.def Info: fig/trace.pdf used on input line 5.
(pdftex.def)             Requested size: 111.12448pt x 83.34143pt.

Underfull \hbox (badness 10000) in paragraph at lines 6--6
[]\OT1/ptm/m/n/9 (a) |Nor-mal-ized Band-width
 []

<fig/trace-down.pdf, id=165, 462.52798pt x 346.89601pt>
File: fig/trace-down.pdf Graphic file (type pdf)

<use fig/trace-down.pdf>
Package pdftex.def Info: fig/trace-down.pdf used on input line 11.
(pdftex.def)             Requested size: 111.12448pt x 83.34143pt.

Underfull \hbox (badness 2126) in paragraph at lines 12--12
[]\OT1/ptm/m/n/9 (b) |Band-width Down Time
 []

) (E:\IWQoS\fig/commercial.tex
<fig/obs_douyu.pdf, id=168, 591.94098pt x 443.69162pt>
File: fig/obs_douyu.pdf Graphic file (type pdf)
 <use fig/obs_douyu.pdf>
Package pdftex.def Info: fig/obs_douyu.pdf used on input line 3.
(pdftex.def)             Requested size: 161.8885pt x 121.34193pt.

<fig/douyu.pdf, id=169, 527.4425pt x 410.06802pt>
File: fig/douyu.pdf Graphic file (type pdf)
 <use fig/douyu.pdf>
Package pdftex.def Info: fig/douyu.pdf used on input line 8.
(pdftex.def)             Requested size: 161.8885pt x 125.86209pt.

<fig/obs_twitch.pdf, id=170, 533.462pt x 412.93172pt>
File: fig/obs_twitch.pdf Graphic file (type pdf)
 <use fig/obs_twitch.pdf>
Package pdftex.def Info: fig/obs_twitch.pdf used on input line 13.
(pdftex.def)             Requested size: 161.8885pt x 125.31075pt.

<fig/vary-bandwidth.pdf, id=171, 462.52798pt x 346.89601pt>
File: fig/vary-bandwidth.pdf Graphic file (type pdf)

<use fig/vary-bandwidth.pdf>
Package pdftex.def Info: fig/vary-bandwidth.pdf used on input line 21.
(pdftex.def)             Requested size: 197.55673pt x 148.16725pt.
) [3 <E:/IWQoS/fig/setup.pdf> <E:/IWQoS/fig/case_study_bandwidth.pdf> <E:/IWQoS
/fig/case_study_throughput_a.pdf> <E:/IWQoS/fig/case_study_throughput_b.pdf> <E
:/IWQoS/fig/trace.pdf> <E:/IWQoS/fig/trace-down.pdf>] (E:\IWQoS\fig/drop.tex <f
ig/drop.pdf, id=378, 218.12491pt x 37.27225pt>
File: fig/drop.pdf Graphic file (type pdf)

<use fig/drop.pdf>
Package pdftex.def Info: fig/drop.pdf used on input line 3.
(pdftex.def)             Requested size: 222.24898pt x 37.97906pt.

Underfull \vbox (badness 2073) has occurred while \output is active []

)
LaTeX Font Info:    Try loading font information for OT1+pcr on input line 27.

(D:\Latex\CTEX\MiKTeX\tex\latex\psnfss\ot1pcr.fd
File: ot1pcr.fd 2001/06/04 font definitions for OT1/pcr.
) (E:\IWQoS\fig/frame_order.tex) (E:\IWQoS\fig/obs_drop_algo.tex
Package hyperref Info: bookmark level for unknown algorithm defaults to 0 on in
put line 2.
) [4 <E:/IWQoS/fig/obs_douyu.pdf> <E:/IWQoS/fig/douyu.pdf> <E:/IWQoS/fig/obs_tw
itch.pdf> <E:/IWQoS/fig/vary-bandwidth.pdf> <E:/IWQoS/fig/drop.pdf>]) (E:\IWQoS
\4_rootcause.tex) (E:\IWQoS\4_design_space.tex (E:\IWQoS\fig/eval_drop.tex
<fig/eval_IframeInterval_drop.pdf, id=527, 510.28252pt x 383.31084pt>
File: fig/eval_IframeInterval_drop.pdf Graphic file (type pdf)

<use fig/eval_IframeInterval_drop.pdf>
Package pdftex.def Info: fig/eval_IframeInterval_drop.pdf used on input line 5.

(pdftex.def)             Requested size: 197.55673pt x 148.39688pt.
) [5]
(E:\IWQoS\fig/drop_varying_bitrate.tex)) (E:\IWQoS\5_design.tex
(E:\IWQoS\fig/variables.tex) (E:\IWQoS\fig/ip.tex) [6 <E:/IWQoS/fig/eval_Iframe
Interval_drop.pdf>] (E:\IWQoS\fig/greedy_cbr.tex)
Underfull \hbox (badness 10000) in paragraph at lines 36--38
 \OT1/ptm/m/it/10 2) Greedy Al-go-rith-m: [][][] \OT1/ptm/b/n/10 Al-go-rith-m D
e-scrip-
 []

(E:\IWQoS\fig/no_drop_frame.tex) (E:\IWQoS\fig/drop-evaluation.tex
<fig/drop-buffer.pdf, id=596, 403.11844pt x 304.73486pt>
File: fig/drop-buffer.pdf Graphic file (type pdf)

<use fig/drop-buffer.pdf>
Package pdftex.def Info: fig/drop-buffer.pdf used on input line 3.
(pdftex.def)             Requested size: 161.8885pt x 122.38pt.

<fig/drop-bandwidth.pdf, id=597, 497.4324pt x 332.11789pt>
File: fig/drop-bandwidth.pdf Graphic file (type pdf)

<use fig/drop-bandwidth.pdf>
Package pdftex.def Info: fig/drop-bandwidth.pdf used on input line 8.
(pdftex.def)             Requested size: 161.8885pt x 108.08907pt.
) (E:\IWQoS\fig/vbr_variable.tex)
(E:\IWQoS\fig/vbr.tex

Package hyperref Warning: No destination for bookmark of \addcontentsline,
(hyperref)                destination is added on input line 1.


Underfull \vbox (badness 10000) has occurred while \output is active []

 [7])
(E:\IWQoS\fig/greedy_vbr.tex

LaTeX Warning: `h' float specifier changed to `ht'.

) (E:\IWQoS\fig/vbr-evaluation.tex
<fig/massive_qoe.pdf, id=615, 462.52798pt x 346.89601pt>
File: fig/massive_qoe.pdf Graphic file (type pdf)

<use fig/massive_qoe.pdf>
Package pdftex.def Info: fig/massive_qoe.pdf used on input line 5.
(pdftex.def)             Requested size: 197.55673pt x 148.16725pt.

<fig/massive-bitrate-cdf.pdf, id=616, 462.52798pt x 346.89601pt>
File: fig/massive-bitrate-cdf.pdf Graphic file (type pdf)

<use fig/massive-bitrate-cdf.pdf>
Package pdftex.def Info: fig/massive-bitrate-cdf.pdf used on input line 13.
(pdftex.def)             Requested size: 161.8885pt x 121.41542pt.

<fig/massive-drop-cdf.pdf, id=617, 462.52798pt x 346.89601pt>
File: fig/massive-drop-cdf.pdf Graphic file (type pdf)

<use fig/massive-drop-cdf.pdf>
Package pdftex.def Info: fig/massive-drop-cdf.pdf used on input line 18.
(pdftex.def)             Requested size: 161.8885pt x 121.41542pt.

<fig/massive-qoe-cdf.pdf, id=618, 462.52798pt x 346.89601pt>
File: fig/massive-qoe-cdf.pdf Graphic file (type pdf)

<use fig/massive-qoe-cdf.pdf>
Package pdftex.def Info: fig/massive-qoe-cdf.pdf used on input line 23.
(pdftex.def)             Requested size: 161.8885pt x 121.41542pt.
)) (E:\IWQoS\6_related_work.tex [8 <E:/IWQoS/fig/drop-buffer.pdf> <E:/IWQoS/fig
/drop-bandwidth.pdf>]

LaTeX Warning: Citation `inproceedings{pires2014dash}' on page 9 undefined on i
nput line 3.

) (E:\IWQoS\7_conclusion.tex

LaTeX Warning: Reference `sec:design-space' on page 9 undefined on input line 2
.

) (E:\IWQoS\paper.bbl [9 <E:/IWQoS/fig/massive-bitrate-cdf.pdf> <E:/IWQoS/fig/m
assive-drop-cdf.pdf> <E:/IWQoS/fig/massive-qoe-cdf.pdf> <E:/IWQoS/fig/massive_q
oe.pdf>])

** Conference Paper **
Before submitting the final camera ready copy, remember to:

 1. Manually equalize the lengths of two columns on the last page
 of your paper;

 2. Ensure that any PostScript and/or PDF output post-processing
 uses only Type 1 fonts and that every step in the generation
 process uses the appropriate paper size.

Package atveryend Info: Empty hook `BeforeClearDocument' on input line 109.
[10

]
Package atveryend Info: Empty hook `AfterLastShipout' on input line 109.
 (E:\IWQoS\paper.aux)
Package atveryend Info: Executing hook `AtVeryEndDocument' on input line 109.
Package atveryend Info: Executing hook `AtEndAfterFileList' on input line 109.
Package rerunfilecheck Info: File `paper.out' has not changed.
(rerunfilecheck)             Checksum: B966BEA80249B6F9F3D36FA14E8BE821;1453.


LaTeX Warning: There were undefined references.

 ) 
Here is how much of TeX's memory you used:
 8317 strings out of 495354
 128833 string characters out of 3183523
 231467 words of memory out of 3000000
 11235 multiletter control sequences out of 15000+200000
 40118 words of font info for 81 fonts, out of 3000000 for 9000
 14 hyphenation exceptions out of 8191
 36i,12n,38p,1031b,483s stack positions out of 5000i,500n,10000p,200000b,50000s
pdfTeX warning (dest): name{algorithm.1} has been referenced but does not exi
st, replaced by a fixed one

pdfTeX warning (dest): name{algorithm.3} has been referenced but does not exist
, replaced by a fixed one

pdfTeX warning (dest): name{algorithm.2} has been referenced but does not exist
, replaced by a fixed one

{D:/Latex/CTEX/MiKTeX/fonts/enc/dvips/fontname/8r.enc}<D:/Latex/CTEX/MiKTeX/fon
ts/type1/public/amsfonts/cm/cmex10.pfb><D:/Latex/CTEX/MiKTeX/fonts/type1/public
/amsfonts/cm/cmmi10.pfb><D:/Latex/CTEX/MiKTeX/fonts/type1/public/amsfonts/cm/cm
mi5.pfb><D:/Latex/CTEX/MiKTeX/fonts/type1/public/amsfonts/cm/cmmi6.pfb><D:/Late
x/CTEX/MiKTeX/fonts/type1/public/amsfonts/cm/cmmi7.pfb><D:/Latex/CTEX/MiKTeX/fo
nts/type1/public/amsfonts/cm/cmmi8.pfb><D:/Latex/CTEX/MiKTeX/fonts/type1/public
/amsfonts/cm/cmr10.pfb><D:/Latex/CTEX/MiKTeX/fonts/type1/public/amsfonts/cm/cmr
6.pfb><D:/Latex/CTEX/MiKTeX/fonts/type1/public/amsfonts/cm/cmr7.pfb><D:/Latex/C
TEX/MiKTeX/fonts/type1/public/amsfonts/cm/cmr8.pfb><D:/Latex/CTEX/MiKTeX/fonts/
type1/public/amsfonts/cm/cmr9.pfb><D:/Latex/CTEX/MiKTeX/fonts/type1/public/amsf
onts/cm/cmsy10.pfb><D:/Latex/CTEX/MiKTeX/fonts/type1/public/amsfonts/cm/cmsy7.p
fb><D:/Latex/CTEX/MiKTeX/fonts/type1/public/amsfonts/cm/cmsy8.pfb><D:/Latex/CTE
X/MiKTeX/fonts/type1/public/amsfonts/cm/cmsy9.pfb><D:/Latex/CTEX/MiKTeX/fonts/t
ype1/urw/courier/ucrr8a.pfb><D:/Latex/CTEX/MiKTeX/fonts/type1/urw/times/utmb8a.
pfb><D:/Latex/CTEX/MiKTeX/fonts/type1/urw/times/utmr8a.pfb><D:/Latex/CTEX/MiKTe
X/fonts/type1/urw/times/utmri8a.pfb>
Output written on paper.pdf (10 pages, 919468 bytes).
PDF statistics:
 927 PDF objects out of 1000 (max. 8388607)
 82 named destinations out of 1000 (max. 500000)
 272 words of extra memory for PDF output out of 10000 (max. 10000000)

